<?xml version="1.0" encoding="UTF-8"?>
<!-- Generated by org.testng.reporters.JUnitReportReporter -->
<testsuite skipped="0" hostname="DESKTOP-MBAK567" name="org.example.Tests" tests="6" failures="0" timestamp="05 фев 2021 11:51:58 GMT" time="58.931" errors="0">
  <testcase name="logOut" time="13.973" classname="org.example.Tests"/>
  <testcase name="failLogin" time="1.558" classname="org.example.Tests"/>
  <testcase name="logIn" time="5.542" classname="org.example.Tests"/>
  <testcase name="navigate" time="13.863" classname="org.example.Tests"/>
  <testcase name="failPassword" time="20.094" classname="org.example.Tests"/>
  <testcase name="changeLanguage" time="3.901" classname="org.example.Tests"/>
</testsuite> <!-- org.example.Tests -->
